<?xml version="1.0" encoding="UTF-8"?>
<!-- Generated by org.testng.reporters.JUnitReportReporter -->
<testsuite skipped="0" hostname="shaimaa" name="org.example.testRunner.runners" tests="20" failures="0" timestamp="2022-10-28T13:49:12 EET" time="605.358" errors="3">
  <testcase name="runScenario" time="27.445" classname="org.example.testRunner.runners"/>
  <system-out/>
  <testcase name="runScenario" time="28.726" classname="org.example.testRunner.runners"/>
  <system-out/>
  <testcase name="runScenario" time="41.642" classname="org.example.testRunner.runners">
    <error type="org.openqa.selenium.TimeoutException" message="Expected condition failed: waiting for url to contain &quot;https://demo.nopcommerce.com/nokia-lumia-1020&quot;. Current url: &quot;https://demo.nopcommerce.com/&quot; (tried for 15 second(s) with 500 milliseconds interval)
Build info: version: &#039;4.5.0&#039;, revision: &#039;fe167b119a&#039;
System info: os.name: &#039;Windows 10&#039;, os.arch: &#039;amd64&#039;, os.version: &#039;10.0&#039;, java.version: &#039;1.8.0_341&#039;
Driver info: org.openqa.selenium.chrome.ChromeDriver
Capabilities {acceptInsecureCerts: false, browserName: chrome, browserVersion: 106.0.5249.119, chrome: {chromedriverVersion: 105.0.5195.52 (412c95e51883..., userDataDir: C:\Users\osama\AppData\Loca...}, goog:chromeOptions: {debuggerAddress: localhost:50948}, networkConnectionEnabled: false, pageLoadStrategy: normal, platformName: WINDOWS, proxy: Proxy(), se:cdp: ws://localhost:50948/devtoo..., se:cdpVersion: 106.0.5249.119, setWindowRect: true, strictFileInteractability: false, timeouts: {implicit: 0, pageLoad: 300000, script: 30000}, unhandledPromptBehavior: dismiss and notify, webauthn:extension:credBlob: true, webauthn:extension:largeBlob: true, webauthn:virtualAuthenticators: true}
Session ID: bceef6ff8b56ec830b675d577208ded6">
      <![CDATA[org.openqa.selenium.TimeoutException: Expected condition failed: waiting for url to contain "https://demo.nopcommerce.com/nokia-lumia-1020". Current url: "https://demo.nopcommerce.com/" (tried for 15 second(s) with 500 milliseconds interval)
Build info: version: '4.5.0', revision: 'fe167b119a'
System info: os.name: 'Windows 10', os.arch: 'amd64', os.version: '10.0', java.version: '1.8.0_341'
Driver info: org.openqa.selenium.chrome.ChromeDriver
Capabilities {acceptInsecureCerts: false, browserName: chrome, browserVersion: 106.0.5249.119, chrome: {chromedriverVersion: 105.0.5195.52 (412c95e51883..., userDataDir: C:\Users\osama\AppData\Loca...}, goog:chromeOptions: {debuggerAddress: localhost:50948}, networkConnectionEnabled: false, pageLoadStrategy: normal, platformName: WINDOWS, proxy: Proxy(), se:cdp: ws://localhost:50948/devtoo..., se:cdpVersion: 106.0.5249.119, setWindowRect: true, strictFileInteractability: false, timeouts: {implicit: 0, pageLoad: 300000, script: 30000}, unhandledPromptBehavior: dismiss and notify, webauthn:extension:credBlob: true, webauthn:extension:largeBlob: true, webauthn:virtualAuthenticators: true}
Session ID: bceef6ff8b56ec830b675d577208ded6
at org.openqa.selenium.support.ui.WebDriverWait.timeoutException(WebDriverWait.java:87)
at org.openqa.selenium.support.ui.FluentWait.until(FluentWait.java:231)
at org.example.stepDefs.D06_homeSlidersStepDef.makeSureThatTheUserNavigateToTheRightPage(D06_homeSlidersStepDef.java:36)
at ✽.make sure that the user navigate to the right page(file:///C:/Users/osama/IdeaProjects/demonopcommerce/src/main/resources/features/F06_homeSliders.feature:5)
]]>
    </error>
  </testcase> <!-- runScenario -->
  <system-out/>
  <testcase name="runScenario" time="32.181" classname="org.example.testRunner.runners"/>
  <system-out/>
  <testcase name="runScenario" time="24.898" classname="org.example.testRunner.runners"/>
  <system-out/>
  <testcase name="runScenario" time="29.825" classname="org.example.testRunner.runners"/>
  <system-out/>
  <testcase name="runScenario" time="25.963" classname="org.example.testRunner.runners"/>
  <system-out/>
  <testcase name="runScenario" time="33.575" classname="org.example.testRunner.runners"/>
  <system-out/>
  <testcase name="runScenario" time="28.474" classname="org.example.testRunner.runners"/>
  <system-out/>
  <testcase name="runScenario" time="25.299" classname="org.example.testRunner.runners"/>
  <system-out/>
  <testcase name="runScenario" time="30.763" classname="org.example.testRunner.runners"/>
  <system-out/>
  <testcase name="runScenario" time="43.847" classname="org.example.testRunner.runners">
    <error type="org.openqa.selenium.TimeoutException" message="Expected condition failed: waiting for url to contain &quot;https://demo.nopcommerce.com/iphone-6&quot;. Current url: &quot;https://demo.nopcommerce.com/&quot; (tried for 15 second(s) with 500 milliseconds interval)
Build info: version: &#039;4.5.0&#039;, revision: &#039;fe167b119a&#039;
System info: os.name: &#039;Windows 10&#039;, os.arch: &#039;amd64&#039;, os.version: &#039;10.0&#039;, java.version: &#039;1.8.0_341&#039;
Driver info: org.openqa.selenium.chrome.ChromeDriver
Capabilities {acceptInsecureCerts: false, browserName: chrome, browserVersion: 106.0.5249.119, chrome: {chromedriverVersion: 105.0.5195.52 (412c95e51883..., userDataDir: C:\Users\osama\AppData\Loca...}, goog:chromeOptions: {debuggerAddress: localhost:50984}, networkConnectionEnabled: false, pageLoadStrategy: normal, platformName: WINDOWS, proxy: Proxy(), se:cdp: ws://localhost:50984/devtoo..., se:cdpVersion: 106.0.5249.119, setWindowRect: true, strictFileInteractability: false, timeouts: {implicit: 0, pageLoad: 300000, script: 30000}, unhandledPromptBehavior: dismiss and notify, webauthn:extension:credBlob: true, webauthn:extension:largeBlob: true, webauthn:virtualAuthenticators: true}
Session ID: 6544b5a517f839df2363ea93e1762b17">
      <![CDATA[org.openqa.selenium.TimeoutException: Expected condition failed: waiting for url to contain "https://demo.nopcommerce.com/iphone-6". Current url: "https://demo.nopcommerce.com/" (tried for 15 second(s) with 500 milliseconds interval)
Build info: version: '4.5.0', revision: 'fe167b119a'
System info: os.name: 'Windows 10', os.arch: 'amd64', os.version: '10.0', java.version: '1.8.0_341'
Driver info: org.openqa.selenium.chrome.ChromeDriver
Capabilities {acceptInsecureCerts: false, browserName: chrome, browserVersion: 106.0.5249.119, chrome: {chromedriverVersion: 105.0.5195.52 (412c95e51883..., userDataDir: C:\Users\osama\AppData\Loca...}, goog:chromeOptions: {debuggerAddress: localhost:50984}, networkConnectionEnabled: false, pageLoadStrategy: normal, platformName: WINDOWS, proxy: Proxy(), se:cdp: ws://localhost:50984/devtoo..., se:cdpVersion: 106.0.5249.119, setWindowRect: true, strictFileInteractability: false, timeouts: {implicit: 0, pageLoad: 300000, script: 30000}, unhandledPromptBehavior: dismiss and notify, webauthn:extension:credBlob: true, webauthn:extension:largeBlob: true, webauthn:virtualAuthenticators: true}
Session ID: 6544b5a517f839df2363ea93e1762b17
at org.openqa.selenium.support.ui.WebDriverWait.timeoutException(WebDriverWait.java:87)
at org.openqa.selenium.support.ui.FluentWait.until(FluentWait.java:231)
at org.example.stepDefs.D06_homeSlidersStepDef.relativeProductForSecondSliderIsDisplayed(D06_homeSlidersStepDef.java:55)
at ✽.relative product for second slider is displayed(file:///C:/Users/osama/IdeaProjects/demonopcommerce/src/main/resources/features/F06_homeSliders.feature:9)
]]>
    </error>
  </testcase> <!-- runScenario -->
  <system-out/>
  <testcase name="runScenario" time="27.613" classname="org.example.testRunner.runners"/>
  <system-out/>
  <testcase name="runScenario" time="28.616" classname="org.example.testRunner.runners"/>
  <system-out/>
  <testcase name="runScenario" time="26.756" classname="org.example.testRunner.runners"/>
  <system-out/>
  <testcase name="runScenario" time="26.910" classname="org.example.testRunner.runners"/>
  <system-out/>
  <testcase name="runScenario" time="39.626" classname="org.example.testRunner.runners"/>
  <system-out/>
  <testcase name="runScenario" time="28.172" classname="org.example.testRunner.runners"/>
  <system-out/>
  <testcase name="runScenario" time="25.244" classname="org.example.testRunner.runners">
    <error type="org.openqa.selenium.TimeoutException" message="Expected condition failed: waiting for number of open windows to be 2 (tried for 2 second(s) with 500 milliseconds interval)
Build info: version: &#039;4.5.0&#039;, revision: &#039;fe167b119a&#039;
System info: os.name: &#039;Windows 10&#039;, os.arch: &#039;amd64&#039;, os.version: &#039;10.0&#039;, java.version: &#039;1.8.0_341&#039;
Driver info: org.openqa.selenium.chrome.ChromeDriver
Capabilities {acceptInsecureCerts: false, browserName: chrome, browserVersion: 106.0.5249.119, chrome: {chromedriverVersion: 105.0.5195.52 (412c95e51883..., userDataDir: C:\Users\osama\AppData\Loca...}, goog:chromeOptions: {debuggerAddress: localhost:51140}, networkConnectionEnabled: false, pageLoadStrategy: normal, platformName: WINDOWS, proxy: Proxy(), se:cdp: ws://localhost:51140/devtoo..., se:cdpVersion: 106.0.5249.119, setWindowRect: true, strictFileInteractability: false, timeouts: {implicit: 0, pageLoad: 300000, script: 30000}, unhandledPromptBehavior: dismiss and notify, webauthn:extension:credBlob: true, webauthn:extension:largeBlob: true, webauthn:virtualAuthenticators: true}
Session ID: 2aa35843dbd1b67f57fbd212f2cdcaa1">
      <![CDATA[org.openqa.selenium.TimeoutException: Expected condition failed: waiting for number of open windows to be 2 (tried for 2 second(s) with 500 milliseconds interval)
Build info: version: '4.5.0', revision: 'fe167b119a'
System info: os.name: 'Windows 10', os.arch: 'amd64', os.version: '10.0', java.version: '1.8.0_341'
Driver info: org.openqa.selenium.chrome.ChromeDriver
Capabilities {acceptInsecureCerts: false, browserName: chrome, browserVersion: 106.0.5249.119, chrome: {chromedriverVersion: 105.0.5195.52 (412c95e51883..., userDataDir: C:\Users\osama\AppData\Loca...}, goog:chromeOptions: {debuggerAddress: localhost:51140}, networkConnectionEnabled: false, pageLoadStrategy: normal, platformName: WINDOWS, proxy: Proxy(), se:cdp: ws://localhost:51140/devtoo..., se:cdpVersion: 106.0.5249.119, setWindowRect: true, strictFileInteractability: false, timeouts: {implicit: 0, pageLoad: 300000, script: 30000}, unhandledPromptBehavior: dismiss and notify, webauthn:extension:credBlob: true, webauthn:extension:largeBlob: true, webauthn:virtualAuthenticators: true}
Session ID: 2aa35843dbd1b67f57fbd212f2cdcaa1
at org.openqa.selenium.support.ui.WebDriverWait.timeoutException(WebDriverWait.java:87)
at org.openqa.selenium.support.ui.FluentWait.until(FluentWait.java:231)
at org.example.stepDefs.D07_links.newTapIsOpenContainTheUrl(D07_links.java:34)
at ✽.new tap is open contain the new url "https://demo.nopcommerce.com/new-online-store-is-open"(file:///C:/Users/osama/IdeaProjects/demonopcommerce/src/main/resources/features/F07_links.feature:21)
]]>
    </error>
  </testcase> <!-- runScenario -->
  <system-out/>
  <testcase name="runScenario" time="29.783" classname="org.example.testRunner.runners"/>
  <system-out/>
</testsuite> <!-- org.example.testRunner.runners -->
